<?xml version="1.0" encoding="UTF-8"?>
<testsuite xmlns:xsi="http://www.w3.org/2001/XMLSchema-instance" xsi:noNamespaceSchemaLocation="https://maven.apache.org/surefire/maven-surefire-plugin/xsd/surefire-test-report.xsd" name="org.example.AppTest" time="0.077" tests="6" errors="0" skipped="0" failures="0">
  <properties>
    <property name="sun.desktop" value="windows"/>
    <property name="awt.toolkit" value="sun.awt.windows.WToolkit"/>
    <property name="file.encoding.pkg" value="sun.io"/>
    <property name="java.specification.version" value="1.8"/>
    <property name="sun.cpu.isalist" value="amd64"/>
    <property name="sun.jnu.encoding" value="Cp1251"/>
    <property name="java.class.path" value="C:\Users\Fil\IdeaProjects\untitled26\target\test-classes;C:\Users\Fil\IdeaProjects\untitled26\target\classes;C:\Users\Fil\.m2\repository\junit\junit\4.11\junit-4.11.jar;C:\Users\Fil\.m2\repository\org\hamcrest\hamcrest-core\1.3\hamcrest-core-1.3.jar;"/>
    <property name="java.vm.vendor" value="Amazon.com Inc."/>
    <property name="sun.arch.data.model" value="64"/>
    <property name="user.variant" value=""/>
    <property name="java.vendor.url" value="https://aws.amazon.com/corretto/"/>
    <property name="user.timezone" value="Europe/Moscow"/>
    <property name="java.vm.specification.version" value="1.8"/>
    <property name="os.name" value="Windows 10"/>
    <property name="user.country" value="RU"/>
    <property name="sun.java.launcher" value="SUN_STANDARD"/>
    <property name="sun.boot.library.path" value="C:\Users\Fil\.jdks\corretto-1.8.0_312\jre\bin"/>
    <property name="sun.java.command" value="C:\Users\Fil\AppData\Local\Temp\surefire983961570109134254\surefirebooter2003881860550943907.jar C:\Users\Fil\AppData\Local\Temp\surefire983961570109134254 2022-01-18T18-56-51_248-jvmRun1 surefire2774304038631912080tmp surefire_06315253905657823120tmp"/>
    <property name="surefire.test.class.path" value="C:\Users\Fil\IdeaProjects\untitled26\target\test-classes;C:\Users\Fil\IdeaProjects\untitled26\target\classes;C:\Users\Fil\.m2\repository\junit\junit\4.11\junit-4.11.jar;C:\Users\Fil\.m2\repository\org\hamcrest\hamcrest-core\1.3\hamcrest-core-1.3.jar;"/>
    <property name="sun.cpu.endian" value="little"/>
    <property name="user.home" value="C:\Users\Fil"/>
    <property name="user.language" value="ru"/>
    <property name="java.specification.vendor" value="Oracle Corporation"/>
    <property name="java.home" value="C:\Users\Fil\.jdks\corretto-1.8.0_312\jre"/>
    <property name="basedir" value="C:\Users\Fil\IdeaProjects\untitled26"/>
    <property name="file.separator" value="\"/>
    <property name="line.separator" value="&#10;"/>
    <property name="java.vm.specification.vendor" value="Oracle Corporation"/>
    <property name="java.specification.name" value="Java Platform API Specification"/>
    <property name="java.awt.graphicsenv" value="sun.awt.Win32GraphicsEnvironment"/>
    <property name="surefire.real.class.path" value="C:\Users\Fil\AppData\Local\Temp\surefire983961570109134254\surefirebooter2003881860550943907.jar"/>
    <property name="sun.boot.class.path" value="C:\Users\Fil\.jdks\corretto-1.8.0_312\jre\lib\resources.jar;C:\Users\Fil\.jdks\corretto-1.8.0_312\jre\lib\rt.jar;C:\Users\Fil\.jdks\corretto-1.8.0_312\jre\lib\sunrsasign.jar;C:\Users\Fil\.jdks\corretto-1.8.0_312\jre\lib\jsse.jar;C:\Users\Fil\.jdks\corretto-1.8.0_312\jre\lib\jce.jar;C:\Users\Fil\.jdks\corretto-1.8.0_312\jre\lib\charsets.jar;C:\Users\Fil\.jdks\corretto-1.8.0_312\jre\lib\jfr.jar;C:\Users\Fil\.jdks\corretto-1.8.0_312\jre\classes"/>
    <property name="user.script" value=""/>
    <property name="sun.management.compiler" value="HotSpot 64-Bit Tiered Compilers"/>
    <property name="java.runtime.version" value="1.8.0_312-b07"/>
    <property name="user.name" value="Fil"/>
    <property name="path.separator" value=";"/>
    <property name="os.version" value="10.0"/>
    <property name="java.endorsed.dirs" value="C:\Users\Fil\.jdks\corretto-1.8.0_312\jre\lib\endorsed"/>
    <property name="java.runtime.name" value="OpenJDK Runtime Environment"/>
    <property name="file.encoding" value="Cp1251"/>
    <property name="java.vm.name" value="OpenJDK 64-Bit Server VM"/>
    <property name="localRepository" value="C:\Users\Fil\.m2\repository"/>
    <property name="java.vendor.url.bug" value="https://github.com/corretto/corretto-8/issues/"/>
    <property name="java.io.tmpdir" value="C:\Users\Fil\AppData\Local\Temp\"/>
    <property name="idea.version" value="2020.3.3"/>
    <property name="java.version" value="1.8.0_312"/>
    <property name="user.dir" value="C:\Users\Fil\IdeaProjects\untitled26"/>
    <property name="os.arch" value="amd64"/>
    <property name="java.vm.specification.name" value="Java Virtual Machine Specification"/>
    <property name="java.awt.printerjob" value="sun.awt.windows.WPrinterJob"/>
    <property name="sun.os.patch.level" value=""/>
    <property name="java.library.path" value="C:\Users\Fil\.jdks\corretto-1.8.0_312\jre\bin;C:\Windows\Sun\Java\bin;C:\Windows\system32;C:\Windows;C:\Program Files\Common Files\Oracle\Java\javapath;C:\Program Files (x86)\Intel\iCLS Client\;C:\Program Files\Intel\iCLS Client\;C:\Windows\system32;C:\Windows;C:\Windows\System32\Wbem;C:\Windows\System32\WindowsPowerShell\v1.0\;C:\Program Files (x86)\Intel\Intel(R) Management Engine Components\DAL;C:\Program Files\Intel\Intel(R) Management Engine Components\DAL;C:\Program Files (x86)\Intel\Intel(R) Management Engine Components\IPT;C:\Program Files\Intel\Intel(R) Management Engine Components\IPT;C:\Program Files (x86)\NVIDIA Corporation\PhysX\Common;C:\Program Files\NVIDIA Corporation\NVIDIA NvDLISR;C:\Program Files\Aladdin\eToken\PKIClient\x32;C:\Program Files\Aladdin\eToken\PKIClient\x64;C:\MySQL\bin\;C:\Program Files\Git\cmd;C:\Users\Fil\AppData\Local\Microsoft\WindowsApps;;C:\Program Files\JetBrains\IntelliJ IDEA 2020.3.3\bin;;."/>
    <property name="java.vm.info" value="mixed mode"/>
    <property name="java.vendor" value="Amazon.com Inc."/>
    <property name="java.vm.version" value="25.312-b07"/>
    <property name="java.ext.dirs" value="C:\Users\Fil\.jdks\corretto-1.8.0_312\jre\lib\ext;C:\Windows\Sun\Java\lib\ext"/>
    <property name="sun.io.unicode.encoding" value="UnicodeLittle"/>
    <property name="java.class.version" value="52.0"/>
  </properties>
  <testcase name="binarySearchTest" classname="org.example.AppTest" time="0.004"/>
  <testcase name="selectionSortTest" classname="org.example.AppTest" time="0.007"/>
  <testcase name="selectionSortTestFirst" classname="org.example.AppTest" time="0"/>
  <testcase name="insertSortTestFirst" classname="org.example.AppTest" time="0.001"/>
  <testcase name="bubbleSortTest" classname="org.example.AppTest" time="0.016"/>
  <testcase name="binaryNullTest" classname="org.example.AppTest" time="0.001"/>
</testsuite>